2017-01-07 20:09:26,055 [10] INFO  Topshelf.HostFactory - Configuration Result:
[Success] Name Temple.Service
[Success] DisplayName Temple Service
[Success] Description Temple Service
[Success] ServiceName Temple.Service
2017-01-07 20:09:26,549 [10] INFO  Topshelf.HostConfigurators.HostConfiguratorImpl - Topshelf v4.0.0.0, .NET Framework v4.0.30319.42000
2017-01-07 20:09:27,384 [10] DEBUG Topshelf.Builders.RunBuilder - Running as a console application, creating the console host.
2017-01-07 20:09:27,400 [10] DEBUG Topshelf.Hosts.ConsoleRunHost - Starting up as a console application
2017-01-07 20:10:11,036 [10] INFO  Topshelf.HostFactory - Configuration Result:
[Success] Name Temple.Service
[Success] DisplayName Temple Service
[Success] Description Temple Service
[Success] ServiceName Temple.Service
2017-01-07 20:10:11,071 [10] INFO  Topshelf.HostConfigurators.HostConfiguratorImpl - Topshelf v4.0.0.0, .NET Framework v4.0.30319.42000
2017-01-07 20:10:11,756 [10] DEBUG Topshelf.Builders.RunBuilder - Running as a console application, creating the console host.
2017-01-07 20:10:11,767 [10] DEBUG Topshelf.Hosts.ConsoleRunHost - Starting up as a console application
2017-01-07 20:10:39,632 [10] INFO  Topshelf.HostFactory - Configuration Result:
[Success] Name Temple.Service
[Success] DisplayName Temple Service
[Success] Description Temple Service
[Success] ServiceName Temple.Service
2017-01-07 20:10:39,684 [10] INFO  Topshelf.HostConfigurators.HostConfiguratorImpl - Topshelf v4.0.0.0, .NET Framework v4.0.30319.42000
2017-01-07 20:10:39,966 [10] DEBUG Topshelf.Builders.RunBuilder - Running as a console application, creating the console host.
2017-01-07 20:10:39,974 [10] DEBUG Topshelf.Hosts.ConsoleRunHost - Starting up as a console application
2017-01-07 20:10:41,377 [10] INFO  Topshelf.Hosts.ConsoleRunHost - The Temple.Service service is now running, press Control+C to exit.
