2017-01-09 21:07:25,572 [9] INFO  Topshelf.HostFactory - Configuration Result:
[Success] Name Temple.Service
[Success] DisplayName Temple Service
[Success] Description Temple Service
[Success] ServiceName Temple.Service
2017-01-09 21:07:25,761 [9] INFO  Topshelf.HostConfigurators.HostConfiguratorImpl - Topshelf v4.0.0.0, .NET Framework v4.0.30319.42000
2017-01-09 21:07:27,746 [9] DEBUG Topshelf.Builders.RunBuilder - Running as a console application, creating the console host.
2017-01-09 21:07:27,770 [9] DEBUG Topshelf.Hosts.ConsoleRunHost - Starting up as a console application
2017-01-09 21:07:29,854 [9] INFO  Topshelf.Hosts.ConsoleRunHost - The Temple.Service service is now running, press Control+C to exit.
2017-01-09 21:10:25,765 [9] INFO  Topshelf.HostFactory - Configuration Result:
[Success] Name Temple.Service
[Success] DisplayName Temple Service
[Success] Description Temple Service
[Success] ServiceName Temple.Service
2017-01-09 21:10:25,989 [9] INFO  Topshelf.HostConfigurators.HostConfiguratorImpl - Topshelf v4.0.0.0, .NET Framework v4.0.30319.42000
2017-01-09 21:10:26,971 [9] DEBUG Topshelf.Builders.RunBuilder - Running as a console application, creating the console host.
2017-01-09 21:10:26,983 [9] DEBUG Topshelf.Hosts.ConsoleRunHost - Starting up as a console application
2017-01-09 21:10:28,045 [9] INFO  Topshelf.Hosts.ConsoleRunHost - The Temple.Service service is now running, press Control+C to exit.
2017-01-09 21:13:07,955 [9] INFO  Topshelf.HostFactory - Configuration Result:
[Success] Name Temple.Service
[Success] DisplayName Temple Service
[Success] Description Temple Service
[Success] ServiceName Temple.Service
2017-01-09 21:13:08,189 [9] INFO  Topshelf.HostConfigurators.HostConfiguratorImpl - Topshelf v4.0.0.0, .NET Framework v4.0.30319.42000
2017-01-09 21:13:09,274 [9] DEBUG Topshelf.Builders.RunBuilder - Running as a console application, creating the console host.
2017-01-09 21:13:09,290 [9] DEBUG Topshelf.Hosts.ConsoleRunHost - Starting up as a console application
2017-01-09 21:13:10,591 [9] INFO  Topshelf.Hosts.ConsoleRunHost - The Temple.Service service is now running, press Control+C to exit.
2017-01-09 21:14:14,734 [6] INFO  Topshelf.HostFactory - Configuration Result:
[Success] Name Temple.Service
[Success] DisplayName Temple Service
[Success] Description Temple Service
[Success] ServiceName Temple.Service
2017-01-09 21:14:14,850 [6] INFO  Topshelf.HostConfigurators.HostConfiguratorImpl - Topshelf v4.0.0.0, .NET Framework v4.0.30319.42000
2017-01-09 21:14:16,280 [6] DEBUG Topshelf.Builders.RunBuilder - Running as a console application, creating the console host.
2017-01-09 21:14:16,294 [6] DEBUG Topshelf.Hosts.ConsoleRunHost - Starting up as a console application
2017-01-09 21:14:17,474 [6] INFO  Topshelf.Hosts.ConsoleRunHost - The Temple.Service service is now running, press Control+C to exit.
2017-01-09 21:16:30,365 [9] INFO  Topshelf.HostFactory - Configuration Result:
[Success] Name Temple.Service
[Success] DisplayName Temple Service
[Success] Description Temple Service
[Success] ServiceName Temple.Service
2017-01-09 21:16:30,400 [9] INFO  Topshelf.HostConfigurators.HostConfiguratorImpl - Topshelf v4.0.0.0, .NET Framework v4.0.30319.42000
2017-01-09 21:16:31,841 [9] DEBUG Topshelf.Builders.RunBuilder - Running as a console application, creating the console host.
2017-01-09 21:16:31,853 [9] DEBUG Topshelf.Hosts.ConsoleRunHost - Starting up as a console application
2017-01-09 21:16:33,282 [9] INFO  Topshelf.Hosts.ConsoleRunHost - The Temple.Service service is now running, press Control+C to exit.
